#
# There is insufficient memory for the Java Runtime Environment to continue.
# Native memory allocation (malloc) failed to allocate 366336 bytes for Chunk::new
# Possible reasons:
#   The system is out of physical RAM or swap space
#   The process is running with CompressedOops enabled, and the Java Heap may be blocking the growth of the native heap
# Possible solutions:
#   Reduce memory load on the system
#   Increase physical memory or swap space
#   Check if swap backing store is full
#   Decrease Java heap size (-Xmx/-Xms)
#   Decrease number of Java threads
#   Decrease Java thread stack sizes (-Xss)
#   Set larger code cache with -XX:ReservedCodeCacheSize=
#   JVM is running with Unscaled Compressed Oops mode in which the Java heap is
#     placed in the first 4GB address space. The Java Heap base address is the
#     maximum limit for the native heap growth. Please use -XX:HeapBaseMinAddress
#     to set the Java Heap base and to place the Java Heap above 4GB virtual address.
# This output file may be truncated or incomplete.
#
#  Out of Memory Error (allocation.cpp:389), pid=20084, tid=0x0000000000004900
#
# JRE version: Java(TM) SE Runtime Environment (8.0_231-b11) (build 1.8.0_231-b11)
# Java VM: Java HotSpot(TM) 64-Bit Server VM (25.231-b11 mixed mode windows-amd64 compressed oops)
# Failed to write core dump. Minidumps are not enabled by default on client versions of Windows
#

---------------  T H R E A D  ---------------

Current thread (0x000000001922b800):  JavaThread "C2 CompilerThread2" daemon [_thread_in_native, id=18688, stack(0x0000000019cf0000,0x0000000019df0000)]

Stack: [0x0000000019cf0000,0x0000000019df0000]
[error occurred during error reporting (printing stack bounds), id 0xc0000005]

Native frames: (J=compiled Java code, j=interpreted, Vv=VM code, C=native code)


Current CompileTask:
C2:    823  952 % !   4       com.sun.imageio.plugins.gif.GIFImageReader::read @ 750 (821 bytes)


---------------  P R O C E S S  ---------------

Java Threads: ( => current thread )
  0x000000001a531800 JavaThread "Image Fetcher 3" daemon [_thread_blocked, id=10028, stack(0x000000001c070000,0x000000001c170000)]
  0x000000001a3d8000 JavaThread "AWT-EventQueue-0" [_thread_blocked, id=19636, stack(0x000000001b830000,0x000000001b930000)]
  0x000000001a29f800 JavaThread "AWT-Windows" daemon [_thread_in_native, id=19476, stack(0x000000001ac30000,0x000000001ad30000)]
  0x000000001a29f000 JavaThread "AWT-Shutdown" [_thread_blocked, id=20460, stack(0x000000001ab30000,0x000000001ac30000)]
  0x000000001a29e000 JavaThread "Java2D Disposer" daemon [_thread_blocked, id=11984, stack(0x000000001aa30000,0x000000001ab30000)]
  0x00000000192d7000 JavaThread "Service Thread" daemon [_thread_blocked, id=19512, stack(0x0000000019ef0000,0x0000000019ff0000)]
  0x000000001923b800 JavaThread "C1 CompilerThread3" daemon [_thread_in_native, id=10348, stack(0x0000000019df0000,0x0000000019ef0000)]
=>0x000000001922b800 JavaThread "C2 CompilerThread2" daemon [_thread_in_native, id=18688, stack(0x0000000019cf0000,0x0000000019df0000)]
  0x000000001922a000 JavaThread "C2 CompilerThread1" daemon [_thread_blocked, id=19496, stack(0x0000000019bf0000,0x0000000019cf0000)]
  0x0000000019226800 JavaThread "C2 CompilerThread0" daemon [_thread_blocked, id=19228, stack(0x0000000019af0000,0x0000000019bf0000)]
  0x0000000019220000 JavaThread "Attach Listener" daemon [_thread_blocked, id=19968, stack(0x00000000199f0000,0x0000000019af0000)]
  0x000000001921f000 JavaThread "Signal Dispatcher" daemon [_thread_blocked, id=19980, stack(0x00000000198f0000,0x00000000199f0000)]
  0x0000000019210800 JavaThread "Finalizer" daemon [_thread_blocked, id=20008, stack(0x00000000196f0000,0x00000000197f0000)]
  0x00000000024b8800 JavaThread "Reference Handler" daemon [_thread_blocked, id=7748, stack(0x00000000195f0000,0x00000000196f0000)]
  0x00000000023be800 JavaThread "main" [_thread_blocked, id=20088, stack(0x0000000002220000,0x0000000002320000)]

Other Threads:
  0x00000000173f9800 VMThread [stack: 0x00000000190f0000,0x00000000191f0000] [id=19996]
  0x0000000019269800 WatcherThread [stack: 0x0000000019ff0000,0x000000001a0f0000] [id=19644]

VM state:not at safepoint (normal execution)

VM Mutex/Monitor currently owned by a thread:  ([mutex/lock_event])
[0x00000000023c0750] Compile_lock - owner thread: 0x0000000000000000

heap address: 0x0000000082000000, size: 2016 MB, Compressed Oops mode: 32-bit
Narrow klass base: 0x0000000000000000, Narrow klass shift: 3
Compressed class space size: 1073741824 Address: 0x0000000100000000

Heap:
 PSYoungGen      total 37888K, used 18435K [0x00000000d6000000, 0x00000000d8a00000, 0x0000000100000000)
  eden space 32768K, 56% used [0x00000000d6000000,0x00000000d7200d80,0x00000000d8000000)
  from space 5120K, 0% used [0x00000000d8500000,0x00000000d8500000,0x00000000d8a00000)
  to   space 5120K, 0% used [0x00000000d8000000,0x00000000d8000000,0x00000000d8500000)
 ParOldGen       total 86016K, used 0K [0x0000000082000000, 0x0000000087400000, 0x00000000d6000000)
  object space 86016K, 0% used [0x0000000082000000,0x0000000082000000,0x0000000087400000)
 Metaspace       used 15400K, capacity 15610K, committed 15744K, reserved 1062912K
  class space    used 2065K, capacity 2165K, committed 2176K, reserved 1048576K

Card table byte_map: [0x0000000011880000,0x0000000011c80000] byte_map_base: 0x0000000011470000

Marking Bits: (ParMarkBitMap*) 0x0000000053a16d90
 Begin Bits: [0x0000000012720000, 0x00000000146a0000)
 End Bits:   [0x00000000146a0000, 0x0000000016620000)

Polling page: 0x0000000000480000

CodeCache: size=245760Kb used=3428Kb max_used=3428Kb free=242331Kb
 bounds [0x00000000024c0000, 0x0000000002820000, 0x00000000114c0000]
 total_blobs=1477 nmethods=968 adapters=421
 compilation: enabled

Compilation events (10 events):
Event: 0.799 Thread 0x000000001923b800 nmethod 947 0x00000000027feb50 code [0x00000000027feca0, 0x00000000027fee50]
Event: 0.801 Thread 0x000000001923b800  949 % !   3       com.sun.imageio.plugins.gif.GIFImageReader::read @ 750 (821 bytes)
Event: 0.803 Thread 0x000000001922a000  950       4       com.sun.imageio.plugins.gif.GIFImageReader::getCode (202 bytes)
Event: 0.803 Thread 0x000000001923b800 nmethod 949% 0x00000000027fef10 code [0x00000000027ff400, 0x0000000002802798]
Event: 0.804 Thread 0x000000001923b800  951   !   3       com.sun.imageio.plugins.gif.GIFImageReader::read (821 bytes)
Event: 0.806 Thread 0x000000001923b800 nmethod 951 0x00000000028056d0 code [0x0000000002805ba0, 0x0000000002808b78]
Event: 0.806 Thread 0x000000001922b800  952 % !   4       com.sun.imageio.plugins.gif.GIFImageReader::read @ 750 (821 bytes)
Event: 0.820 Thread 0x000000001923b800  953       3       javax.swing.JComponent::getActionMap (35 bytes)
Event: 0.820 Thread 0x000000001923b800 nmethod 953 0x000000000280b0d0 code [0x000000000280b260, 0x000000000280b788]
Event: 0.820 Thread 0x000000001923b800  955       3       sun.reflect.misc.ReflectUtil::checkPackageAccess (77 bytes)

GC Heap History (0 events):
No events

Deoptimization events (4 events):
Event: 0.446 Thread 0x00000000023be800 Uncommon trap: reason=unstable_if action=reinterpret pc=0x00000000027263d8 method=java.lang.String.indexOf([CII[CIII)I @ 3
Event: 0.625 Thread 0x00000000023be800 Uncommon trap: reason=unstable_if action=reinterpret pc=0x0000000002745c14 method=com.sun.imageio.plugins.gif.GIFImageReader.getCode(II)I @ 51
Event: 0.710 Thread 0x00000000023be800 Uncommon trap: reason=unstable_if action=reinterpret pc=0x0000000002761a8c method=com.sun.imageio.plugins.gif.GIFImageReader.getCode(II)I @ 104
Event: 0.786 Thread 0x00000000023be800 Uncommon trap: reason=unstable_if action=reinterpret pc=0x00000000027be864 method=com.sun.imageio.plugins.gif.GIFImageReader.getCode(II)I @ 104

Classes redefined (0 events):
No events

Internal exceptions (10 events):
Event: 0.235 Thread 0x00000000023be800 Exception <a 'java/lang/ClassNotFoundException': ToggleButton> (0x00000000d647a600) thrown at [C:\re\workspace\8-2-build-windows-amd64-cygwin\jdk8u231\13620\hotspot\src\share\vm\classfile\systemDictionary.cpp, line 210]
Event: 0.235 Thread 0x00000000023be800 Exception <a 'java/lang/ClassNotFoundException': javax/swing/JToolBarSeparator> (0x00000000d647aa60) thrown at [C:\re\workspace\8-2-build-windows-amd64-cygwin\jdk8u231\13620\hotspot\src\share\vm\classfile\systemDictionary.cpp, line 210]
Event: 0.235 Thread 0x00000000023be800 Exception <a 'java/lang/ClassNotFoundException': ToolBarSeparator> (0x00000000d647aef8) thrown at [C:\re\workspace\8-2-build-windows-amd64-cygwin\jdk8u231\13620\hotspot\src\share\vm\classfile\systemDictionary.cpp, line 210]
Event: 0.236 Thread 0x00000000023be800 Exception <a 'java/lang/ClassNotFoundException': ToolTip> (0x00000000d647b638) thrown at [C:\re\workspace\8-2-build-windows-amd64-cygwin\jdk8u231\13620\hotspot\src\share\vm\classfile\systemDictionary.cpp, line 210]
Event: 0.236 Thread 0x00000000023be800 Exception <a 'java/lang/ClassNotFoundException': Tree> (0x00000000d647c258) thrown at [C:\re\workspace\8-2-build-windows-amd64-cygwin\jdk8u231\13620\hotspot\src\share\vm\classfile\systemDictionary.cpp, line 210]
Event: 0.236 Thread 0x00000000023be800 Exception <a 'java/lang/ClassNotFoundException': Tree> (0x00000000d647c998) thrown at [C:\re\workspace\8-2-build-windows-amd64-cygwin\jdk8u231\13620\hotspot\src\share\vm\classfile\systemDictionary.cpp, line 210]
Event: 0.236 Thread 0x00000000023be800 Exception <a 'java/lang/ClassNotFoundException': javax/swing/JTreeCell> (0x00000000d647cd18) thrown at [C:\re\workspace\8-2-build-windows-amd64-cygwin\jdk8u231\13620\hotspot\src\share\vm\classfile\systemDictionary.cpp, line 210]
Event: 0.236 Thread 0x00000000023be800 Exception <a 'java/lang/ClassNotFoundException': TreeCell> (0x00000000d647d1a0) thrown at [C:\re\workspace\8-2-build-windows-amd64-cygwin\jdk8u231\13620\hotspot\src\share\vm\classfile\systemDictionary.cpp, line 210]
Event: 0.237 Thread 0x00000000023be800 Exception <a 'java/lang/ClassNotFoundException': RootPane> (0x00000000d647dc00) thrown at [C:\re\workspace\8-2-build-windows-amd64-cygwin\jdk8u231\13620\hotspot\src\share\vm\classfile\systemDictionary.cpp, line 210]
Event: 0.256 Thread 0x00000000023be800 Exception <a 'java/io/FileNotFoundException'> (0x00000000d652d158) thrown at [C:\re\workspace\8-2-build-windows-amd64-cygwin\jdk8u231\13620\hotspot\src\share\vm\prims\jni.cpp, line 710]

Events (10 events):
Event: 0.786 Thread 0x00000000023be800 DEOPT PACKING pc=0x00000000027be864 sp=0x000000000231f070
Event: 0.787 Thread 0x00000000023be800 DEOPT UNPACKING pc=0x000000000250583b sp=0x000000000231ef88 mode 2
Event: 0.788 loading class sun/util/resources/vi/CalendarData_vi
Event: 0.788 loading class sun/util/resources/vi/CalendarData_vi done
Event: 0.790 loading class sun/text/resources/vi/FormatData_vi
Event: 0.790 loading class sun/text/resources/vi/FormatData_vi done
Event: 0.790 loading class sun/text/resources/vi/FormatData_vi_VN
Event: 0.790 loading class sun/text/resources/vi/FormatData_vi_VN done
Event: 0.795 loading class sun/util/resources/vi/CurrencyNames_vi_VN
Event: 0.795 loading class sun/util/resources/vi/CurrencyNames_vi_VN done


Dynamic libraries:
0x00007ff6e2b90000 - 0x00007ff6e2bc7000 	C:\Program Files\Java\jdk1.8.0_231\bin\java.exe
0x00007ff958900000 - 0x00007ff958af0000 	C:\WINDOWS\SYSTEM32\ntdll.dll
0x00007ff957020000 - 0x00007ff9570d2000 	C:\WINDOWS\System32\KERNEL32.DLL
0x00007ff955c60000 - 0x00007ff955f03000 	C:\WINDOWS\System32\KERNELBASE.dll
0x00007ff9529b0000 - 0x00007ff952a3f000 	C:\WINDOWS\SYSTEM32\apphelp.dll
0x00007ff957400000 - 0x00007ff9574a3000 	C:\WINDOWS\System32\ADVAPI32.dll
0x00007ff958110000 - 0x00007ff9581ae000 	C:\WINDOWS\System32\msvcrt.dll
0x00007ff957140000 - 0x00007ff9571d7000 	C:\WINDOWS\System32\sechost.dll
0x00007ff956ed0000 - 0x00007ff956ff0000 	C:\WINDOWS\System32\RPCRT4.dll
0x00007ff9571e0000 - 0x00007ff957374000 	C:\WINDOWS\System32\USER32.dll
0x00007ff955f10000 - 0x00007ff955f31000 	C:\WINDOWS\System32\win32u.dll
0x00007ff9569b0000 - 0x00007ff9569d6000 	C:\WINDOWS\System32\GDI32.dll
0x00007ff956090000 - 0x00007ff956224000 	C:\WINDOWS\System32\gdi32full.dll
0x00007ff9559c0000 - 0x00007ff955a5e000 	C:\WINDOWS\System32\msvcp_win.dll
0x00007ff955b30000 - 0x00007ff955c2a000 	C:\WINDOWS\System32\ucrtbase.dll
0x00007ff936c60000 - 0x00007ff936ee5000 	C:\WINDOWS\WinSxS\amd64_microsoft.windows.common-controls_6595b64144ccf1df_6.0.18362.476_none_e6c4b11b130f2595\COMCTL32.dll
0x00007ff9569e0000 - 0x00007ff956d16000 	C:\WINDOWS\System32\combase.dll
0x00007ff955ab0000 - 0x00007ff955b30000 	C:\WINDOWS\System32\bcryptPrimitives.dll
0x00007ff956ff0000 - 0x00007ff95701e000 	C:\WINDOWS\System32\IMM32.DLL
0x0000000053110000 - 0x00000000531e2000 	C:\Program Files\Java\jdk1.8.0_231\jre\bin\msvcr100.dll
0x00000000531f0000 - 0x0000000053a96000 	C:\Program Files\Java\jdk1.8.0_231\jre\bin\server\jvm.dll
0x00007ff9580a0000 - 0x00007ff9580a8000 	C:\WINDOWS\System32\PSAPI.DLL
0x00007ff94d160000 - 0x00007ff94d16a000 	C:\WINDOWS\SYSTEM32\VERSION.dll
0x00007ff9501f0000 - 0x00007ff9501f9000 	C:\WINDOWS\SYSTEM32\WSOCK32.dll
0x00007ff957ec0000 - 0x00007ff957f2f000 	C:\WINDOWS\System32\WS2_32.dll
0x00007ff938f10000 - 0x00007ff938f34000 	C:\WINDOWS\SYSTEM32\WINMM.dll
0x00007ff938eb0000 - 0x00007ff938edd000 	C:\WINDOWS\SYSTEM32\winmmbase.dll
0x00007ff955a60000 - 0x00007ff955aaa000 	C:\WINDOWS\System32\cfgmgr32.dll
0x00007ff94fe70000 - 0x00007ff94fe7f000 	C:\Program Files\Java\jdk1.8.0_231\jre\bin\verify.dll
0x00007ff94cf30000 - 0x00007ff94cf59000 	C:\Program Files\Java\jdk1.8.0_231\jre\bin\java.dll
0x00007ff94fe00000 - 0x00007ff94fe16000 	C:\Program Files\Java\jdk1.8.0_231\jre\bin\zip.dll
0x00007ff9574d0000 - 0x00007ff957bb5000 	C:\WINDOWS\System32\SHELL32.dll
0x00007ff957bc0000 - 0x00007ff957c69000 	C:\WINDOWS\System32\shcore.dll
0x00007ff956230000 - 0x00007ff9569ae000 	C:\WINDOWS\System32\windows.storage.dll
0x00007ff955870000 - 0x00007ff95588f000 	C:\WINDOWS\System32\profapi.dll
0x00007ff955820000 - 0x00007ff95586a000 	C:\WINDOWS\System32\powrprof.dll
0x00007ff9557d0000 - 0x00007ff9557e0000 	C:\WINDOWS\System32\UMPDC.dll
0x00007ff9570e0000 - 0x00007ff957132000 	C:\WINDOWS\System32\shlwapi.dll
0x00007ff955800000 - 0x00007ff955811000 	C:\WINDOWS\System32\kernel.appcore.dll
0x00007ff955890000 - 0x00007ff9558a7000 	C:\WINDOWS\System32\cryptsp.dll
0x00007ff93d720000 - 0x00007ff93d8ba000 	C:\Program Files\Java\jdk1.8.0_231\jre\bin\awt.dll
0x00007ff957c70000 - 0x00007ff957d34000 	C:\WINDOWS\System32\OLEAUT32.dll
0x00007ff952c10000 - 0x00007ff952ca9000 	C:\WINDOWS\system32\uxtheme.dll
0x00007ff958240000 - 0x00007ff958376000 	C:\WINDOWS\System32\MSCTF.dll
0x00007ff957f40000 - 0x00007ff958096000 	C:\WINDOWS\System32\ole32.dll
0x00007ff953ce0000 - 0x00007ff953d0d000 	C:\WINDOWS\system32\DWMAPI.DLL
0x00007ff94a9a0000 - 0x00007ff94a9e9000 	C:\Program Files\Java\jdk1.8.0_231\jre\bin\fontmanager.dll
0x00007ff91c530000 - 0x00007ff91c686000 	C:\WINDOWS\system32\opengl32.dll
0x00007ff926660000 - 0x00007ff92668c000 	C:\WINDOWS\SYSTEM32\GLU32.dll
0x00007ff954440000 - 0x00007ff954460000 	C:\WINDOWS\SYSTEM32\dxcore.dll
0x00007ff94ceb0000 - 0x00007ff94ceca000 	C:\Program Files\Java\jdk1.8.0_231\jre\bin\net.dll
0x00007ff955040000 - 0x00007ff9550a7000 	C:\WINDOWS\system32\mswsock.dll
0x00007ff94c5d0000 - 0x00007ff94c5e2000 	C:\Program Files\Java\jdk1.8.0_231\jre\bin\nio.dll
0x00007ff94a930000 - 0x00007ff94a972000 	C:\Program Files\Java\jdk1.8.0_231\jre\bin\t2k.dll
0x00007ff954bb0000 - 0x00007ff954be3000 	C:\WINDOWS\system32\rsaenh.dll
0x00007ff955c30000 - 0x00007ff955c56000 	C:\WINDOWS\System32\bcrypt.dll
0x00007ff9556f0000 - 0x00007ff955715000 	C:\WINDOWS\SYSTEM32\USERENV.dll
0x00007ff955210000 - 0x00007ff95521c000 	C:\WINDOWS\SYSTEM32\CRYPTBASE.dll
0x00007ff954d50000 - 0x00007ff954d8a000 	C:\WINDOWS\SYSTEM32\IPHLPAPI.DLL
0x00007ff9581b0000 - 0x00007ff9581b8000 	C:\WINDOWS\System32\NSI.dll
0x00007ff94f550000 - 0x00007ff94f566000 	C:\WINDOWS\SYSTEM32\dhcpcsvc6.DLL
0x00007ff94f530000 - 0x00007ff94f54c000 	C:\WINDOWS\SYSTEM32\dhcpcsvc.DLL
0x00007ff954d90000 - 0x00007ff954e5a000 	C:\WINDOWS\SYSTEM32\DNSAPI.dll
0x00007ff934310000 - 0x00007ff934341000 	C:\Program Files\Java\jdk1.8.0_231\jre\bin\jpeg.dll

VM Arguments:
jvm_args: -Dfile.encoding=UTF-8 
java_command: edu.poly.views.MainJFrame
java_class_path (initial): C:\Program Files\NetBeans-11.2\netbeans\java\modules\ext\AbsoluteLayout.jar;C:\Users\Phanv\OneDrive\Documents\JTattoo-1.6.12.jar;C:\Users\Phanv\OneDrive\Documents\mssql-jdbc-6.2.2.jre8.jar;C:\Users\Phanv\OneDrive\Documents\jdatechooser\DateChooser.jar;C:\Users\Phanv\OneDrive\Documents\NetBeansProjects\QuanLyCafe\build\classes
Launcher Type: SUN_STANDARD

Environment Variables:
PATH=C:\Program Files\Microsoft MPI\Bin\;C:\Program Files (x86)\Common Files\Oracle\Java\javapath;C:\WINDOWS\system32;C:\WINDOWS;C:\WINDOWS\System32\Wbem;C:\WINDOWS\System32\WindowsPowerShell\v1.0\;C:\WINDOWS\System32\OpenSSH\;C:\Program Files\Microsoft SQL Server\Client SDK\ODBC\130\Tools\Binn\;C:\Program Files (x86)\Microsoft SQL Server\140\Tools\Binn\;C:\Program Files\Microsoft SQL Server\140\Tools\Binn\;C:\Program Files\Microsoft SQL Server\140\DTS\Binn\;C:\Program Files (x86)\Microsoft SQL Server\140\DTS\Binn\;C:\Program Files (x86)\Microsoft SQL Server\Client SDK\ODBC\130\Tools\Binn\;C:\Program Files (x86)\Microsoft SQL Server\140\Tools\Binn\ManagementStudio\;C:\Program Files\Git\cmd;C:\Users\Phanv\AppData\Local\Microsoft\WindowsApps;C:\Users\Phanv\AppData\Local\Programs\Microsoft VS Code\bin
USERNAME=Phanv
OS=Windows_NT
PROCESSOR_IDENTIFIER=Intel64 Family 6 Model 142 Stepping 10, GenuineIntel



---------------  S Y S T E M  ---------------

OS: Windows 10.0 , 64 bit Build 18362 (10.0.18362.329)

CPU:total 8 (initial active 8) (4 cores per cpu, 2 threads per core) family 6 model 142 stepping 10, cmov, cx8, fxsr, mmx, sse, sse2, sse3, ssse3, sse4.1, sse4.2, popcnt, avx, avx2, aes, clmul, erms, 3dnowpref, lzcnt, ht, tsc, tscinvbit, bmi1, bmi2, adx

Memory: 4k page, physical 8250420k(999008k free), swap 23764668k(5352k free)

vm_info: Java HotSpot(TM) 64-Bit Server VM (25.231-b11) for windows-amd64 JRE (1.8.0_231-b11), built on Oct  5 2019 03:11:30 by "java_re" with MS VC++ 10.0 (VS2010)

time: Fri Nov 15 18:00:32 2019
timezone: SE Asia Standard Time
elapsed time: 0 seconds (0d 0h 0m 0s)

